Region: Angren, User ID: 505825849, Message: Bugungi asr vaqtiga Angrenda: 16:16:00
Region: Angren, User ID: 505825849, Message: Bugungi asr vaqtiga Angrenda: 16:16:00
Region: Angren, User ID: 505825849, Message: Bugungi asr vaqtiga Angrenda: 16:16:00
Region: Angren, User ID: 505825849, Message: Bugungi asr vaqtiga Angrenda: 16:16:00
Region: Angren, User ID: 505825849, Message: Bugungi asr vaqtiga Angrenda: 16:16:00
Region: Angren, User ID: 505825849, Message: Bugungi asr vaqtiga Angrenda: 16:16:00
Region: Angren, User ID: 505825849, Message: Bugungi shom_iftor vaqtiga Angrenda: 16:17:00
Region: Angren, User ID: 505825849, Message: Bugungi shom_iftor vaqtiga Angrenda: 16:17:00
Region: Angren, User ID: 505825849, Message: Bugungi shom_iftor vaqtiga Angrenda: 16:17:00
Region: Angren, User ID: 505825849, Message: Bugungi shom_iftor vaqtiga Angrenda: 16:17:00
Region: Angren, User ID: 505825849, Message: Bugungi shom_iftor vaqtiga Angrenda: 16:17:00
Region: Angren, User ID: 505825849, Message: Bugungi shom_iftor vaqtiga Angrenda: 16:17:00
Region: Angren, User ID: 505825849, Message: Bugungi hufton vaqtiga Angrenda: 16:18:00
Region: Angren, User ID: 505825849, Message: Bugungi hufton vaqtiga Angrenda: 16:18:00
Region: Angren, User ID: 505825849, Message: Bugungi hufton vaqtiga Angrenda: 16:18:00
Region: Angren, User ID: 505825849, Message: Bugungi hufton vaqtiga Angrenda: 16:18:00
Region: Angren, User ID: 505825849, Message: Bugungi hufton vaqtiga Angrenda: 16:18:00
Region: Angren, User ID: 505825849, Message: Bugungi hufton vaqtiga Angrenda: 16:18:00
Region: Angren, User ID: 505825849, Message: Bugungi quyosh vaqtiga Angrenda: 16:22:00
Region: Angren, User ID: 505825849, Message: Bugungi quyosh vaqtiga Angrenda: 16:22:00
Region: Angren, User ID: 505825849, Message: Bugungi peshin vaqtiga Angrenda: 16:23:00
Region: Angren, User ID: 505825849, Message: Bugungi peshin vaqtiga Angrenda: 16:23:00
Region: Angren, User ID: 505825849, Message: Bugungi asr vaqtiga Angrenda: 16:24:00
Region: Angren, User ID: 505825849, Message: Bugungi asr vaqtiga Angrenda: 16:24:00
Region: Angren, User ID: 505825849, Message: Bugungi shom_iftor vaqtiga Angrenda: 16:25:00
Region: Angren, User ID: 505825849, Message: Bugungi shom_iftor vaqtiga Angrenda: 16:25:00
Region: Angren, User ID: 505825849, Message: Bugungi shom_iftor vaqtiga Angrenda: 16:25:00
Region: Angren, User ID: 505825849, Message: Bugungi shom_iftor vaqtiga Angrenda: 16:25:00
Region: Angren, User ID: 505825849, Message: Bugungi hufton vaqtiga Angrenda: 16:26:00
Region: Angren, User ID: 505825849, Message: Bugungi hufton vaqtiga Angrenda: 16:26:00
Region: Angren, User ID: 505825849, Message: Bugungi asr vaqtiga Angrenda: 16:31:00
Region: Angren, User ID: 505825849, Message: Bugungi asr vaqtiga Angrenda: 16:31:00
Region: Angren, User ID: 505825849, Message: Bugungi asr vaqtiga Angrenda: 16:31:00
Region: Angren, User ID: 505825849, Message: Bugungi asr vaqtiga Angrenda: 16:31:00
Region: Angren, User ID: 505825849, Message: Bugungi shom_iftor vaqtiga Angrenda: 16:32:00
Region: Angren, User ID: 505825849, Message: Bugungi shom_iftor vaqtiga Angrenda: 16:32:00
Region: Angren, User ID: 505825849, Message: Bugungi shom_iftor vaqtiga Angrenda: 16:32:00
Region: Angren, User ID: 505825849, Message: Bugungi shom_iftor vaqtiga Angrenda: 16:32:00
Region: Angren, User ID: 505825849, Message: Bugungi hufton vaqtiga Angrenda: 16:33:00
Region: Angren, User ID: 505825849, Message: Bugungi hufton vaqtiga Angrenda: 16:33:00
Region: Angren, User ID: 505825849, Message: Bugungi hufton vaqtiga Angrenda: 16:33:00
Region: Angren, User ID: 505825849, Message: Bugungi hufton vaqtiga Angrenda: 16:33:00
Region: Angren, User ID: 505825849, Message: Bugungi tong_saharlik vaqtiga Angrenda: 16:38:00
Region: Angren, User ID: 505825849, Message: Bugungi tong_saharlik vaqtiga Angrenda: 16:38:00
Region: Angren, User ID: 505825849, Message: Bugungi tong_saharlik vaqtiga Angrenda: 16:38:00
Region: Angren, User ID: 505825849, Message: Bugungi tong_saharlik vaqtiga Angrenda: 16:38:00
Region: Angren, User ID: 505825849, Message: Bugungi tong_saharlik vaqtiga Angrenda: 16:38:00
Region: Angren, User ID: 505825849, Message: Bugungi tong_saharlik vaqtiga Angrenda: 16:38:00
Region: Angren, User ID: 505825849, Message: Bugungi quyosh vaqtiga Angrenda: 16:39:00
Region: Angren, User ID: 505825849, Message: Bugungi quyosh vaqtiga Angrenda: 16:39:00
Region: Angren, User ID: 505825849, Message: Bugungi quyosh vaqtiga Angrenda: 16:39:00
Region: Angren, User ID: 505825849, Message: Bugungi quyosh vaqtiga Angrenda: 16:39:00
Region: Angren, User ID: 505825849, Message: Bugungi quyosh vaqtiga Angrenda: 16:39:00
Region: Angren, User ID: 505825849, Message: Bugungi quyosh vaqtiga Angrenda: 16:39:00
Region: Angren, User ID: 505825849, Message: Bugungi peshin vaqtiga Angrenda: 16:40:00
Region: Angren, User ID: 505825849, Message: Bugungi peshin vaqtiga Angrenda: 16:40:00
Region: Angren, User ID: 505825849, Message: Bugungi peshin vaqtiga Angrenda: 16:40:00
Region: Angren, User ID: 505825849, Message: Bugungi peshin vaqtiga Angrenda: 16:40:00
Region: Angren, User ID: 505825849, Message: Bugungi peshin vaqtiga Angrenda: 16:40:00
Region: Angren, User ID: 505825849, Message: Bugungi peshin vaqtiga Angrenda: 16:40:00
Region: Angren, User ID: 505825849, Message: Bugungi asr vaqtiga Angrenda: 16:41:00
Region: Angren, User ID: 505825849, Message: Bugungi asr vaqtiga Angrenda: 16:41:00
Region: Angren, User ID: 505825849, Message: Bugungi asr vaqtiga Angrenda: 16:41:00
Region: Angren, User ID: 505825849, Message: Bugungi asr vaqtiga Angrenda: 16:41:00
Region: Angren, User ID: 505825849, Message: Bugungi asr vaqtiga Angrenda: 16:41:00
Region: Angren, User ID: 505825849, Message: Bugungi asr vaqtiga Angrenda: 16:41:00
Region: Angren, User ID: 505825849, Message: Bugungi asr vaqtiga Angrenda: 16:41:00
Region: Angren, User ID: 505825849, Message: Bugungi asr vaqtiga Angrenda: 16:41:00
Region: Angren, User ID: 505825849, Message: Bugungi asr vaqtiga Angrenda: 16:41:00
Region: Angren, User ID: 505825849, Message: Bugungi asr vaqtiga Angrenda: 16:41:00
Region: Angren, User ID: 505825849, Message: Bugungi asr vaqtiga Angrenda: 16:41:00
Region: Angren, User ID: 505825849, Message: Bugungi asr vaqtiga Angrenda: 16:41:00
Region: Angren, User ID: 505825849, Message: Bugungi shom_iftor vaqtiga Angrenda: 16:42:00
Region: Angren, User ID: 505825849, Message: Bugungi shom_iftor vaqtiga Angrenda: 16:42:00
Region: Angren, User ID: 505825849, Message: Bugungi shom_iftor vaqtiga Angrenda: 16:42:00
Region: Angren, User ID: 505825849, Message: Bugungi shom_iftor vaqtiga Angrenda: 16:42:00
Region: Angren, User ID: 505825849, Message: Bugungi shom_iftor vaqtiga Angrenda: 16:42:00
Region: Angren, User ID: 505825849, Message: Bugungi shom_iftor vaqtiga Angrenda: 16:42:00
Region: Angren, User ID: 505825849, Message: Bugungi tong_saharlik vaqtiga Angrenda: 16:49:00
Region: Angren, User ID: 505825849, Message: Bugungi tong_saharlik vaqtiga Angrenda: 16:49:00
Region: Angren, User ID: 505825849, Message: Bugungi tong_saharlik vaqtiga Angrenda: 16:49:00
Region: Angren, User ID: 505825849, Message: Bugungi tong_saharlik vaqtiga Angrenda: 16:49:00
Region: Angren, User ID: 505825849, Message: Bugungi tong_saharlik vaqtiga Angrenda: 16:49:00
Region: Angren, User ID: 505825849, Message: Bugungi tong_saharlik vaqtiga Angrenda: 16:49:00
Region: Angren, User ID: 505825849, Message: Bugungi tong_saharlik vaqtiga Angrenda: 16:49:00
Region: Angren, User ID: 505825849, Message: Bugungi tong_saharlik vaqtiga Angrenda: 16:49:00
Region: Angren, User ID: 505825849, Message: Bugungi peshin vaqtiga Angrenda: 17:47:00
Region: Angren, User ID: 505825849, Message: Bugungi peshin vaqtiga Angrenda: 17:47:00
Region: Angren, User ID: 505825849, Message: Bugungi peshin vaqtiga Angrenda: 17:47:00
Region: Angren, User ID: 505825849, Message: Bugungi peshin vaqtiga Angrenda: 17:47:00
Region: Angren, User ID: 505825849, Message: Bugungi peshin vaqtiga Angrenda: 17:47:00
Region: Angren, User ID: 505825849, Message: Bugungi peshin vaqtiga Angrenda: 17:47:00
Region: Angren, User ID: 505825849, Message: Bugungi peshin vaqtiga Angrenda: 17:47:00
Region: Angren, User ID: 505825849, Message: Bugungi peshin vaqtiga Angrenda: 17:47:00
Region: Angren, User ID: 505825849, Message: Bugungi peshin vaqtiga Angrenda: 17:47:00
Region: Angren, User ID: 505825849, Message: Bugungi peshin vaqtiga Angrenda: 17:47:00
Region: Angren, User ID: 505825849, Message: Bugungi peshin vaqtiga Angrenda: 17:47:00
Region: Angren, User ID: 505825849, Message: Bugungi asr vaqtiga Angrenda: 17:48:00
Region: Angren, User ID: 505825849, Message: Bugungi asr vaqtiga Angrenda: 17:48:00
Region: Angren, User ID: 505825849, Message: Bugungi asr vaqtiga Angrenda: 17:48:00
Region: Angren, User ID: 505825849, Message: Bugungi asr vaqtiga Angrenda: 17:48:00
Region: Angren, User ID: 505825849, Message: Bugungi asr vaqtiga Angrenda: 17:48:00
Region: Angren, User ID: 505825849, Message: Bugungi asr vaqtiga Angrenda: 17:48:00
Region: Angren, User ID: 505825849, Message: Bugungi asr vaqtiga Angrenda: 17:48:00
Region: Angren, User ID: 505825849, Message: Bugungi asr vaqtiga Angrenda: 17:48:00
Region: Angren, User ID: 505825849, Message: Bugungi asr vaqtiga Angrenda: 17:48:00
Region: Angren, User ID: 505825849, Message: Bugungi asr vaqtiga Angrenda: 17:48:00
Region: Angren, User ID: 505825849, Message: Bugungi asr vaqtiga Angrenda: 17:48:00
Region: Angren, User ID: 505825849, Message: Bugungi shom_iftor vaqtiga Angrenda: 17:49:00
Region: Angren, User ID: 505825849, Message: Bugungi shom_iftor vaqtiga Angrenda: 17:49:00
Region: Angren, User ID: 505825849, Message: Bugungi shom_iftor vaqtiga Angrenda: 17:49:00
Region: Angren, User ID: 505825849, Message: Bugungi shom_iftor vaqtiga Angrenda: 17:49:00
Region: Angren, User ID: 505825849, Message: Bugungi shom_iftor vaqtiga Angrenda: 17:49:00
Region: Angren, User ID: 505825849, Message: Bugungi shom_iftor vaqtiga Angrenda: 17:49:00
Region: Angren, User ID: 505825849, Message: Bugungi shom_iftor vaqtiga Angrenda: 17:49:00
Region: Angren, User ID: 505825849, Message: Bugungi shom_iftor vaqtiga Angrenda: 17:49:00
Region: Angren, User ID: 505825849, Message: Bugungi shom_iftor vaqtiga Angrenda: 17:49:00
Region: Angren, User ID: 505825849, Message: Bugungi shom_iftor vaqtiga Angrenda: 17:49:00
Region: Angren, User ID: 505825849, Message: Bugungi shom_iftor vaqtiga Angrenda: 17:49:00
Region: Angren, User ID: 505825849, Message: Bugungi hufton vaqtiga Angrenda: 17:50:00
Region: Angren, User ID: 505825849, Message: Bugungi hufton vaqtiga Angrenda: 17:50:00
Region: Angren, User ID: 505825849, Message: Bugungi hufton vaqtiga Angrenda: 17:50:00
Region: Angren, User ID: 505825849, Message: Bugungi hufton vaqtiga Angrenda: 17:50:00
Region: Angren, User ID: 505825849, Message: Bugungi hufton vaqtiga Angrenda: 17:50:00
Region: Angren, User ID: 505825849, Message: Bugungi hufton vaqtiga Angrenda: 17:50:00
Region: Angren, User ID: 505825849, Message: Bugungi hufton vaqtiga Angrenda: 17:50:00
Region: Angren, User ID: 505825849, Message: Bugungi hufton vaqtiga Angrenda: 17:50:00
Region: Angren, User ID: 505825849, Message: Bugungi hufton vaqtiga Angrenda: 17:50:00
Region: Angren, User ID: 505825849, Message: Bugungi hufton vaqtiga Angrenda: 17:50:00
Region: Angren, User ID: 505825849, Message: Bugungi hufton vaqtiga Angrenda: 17:50:00
Region: Angren, User ID: 505825849, Message: Bugungi quyosh vaqtiga Angrenda: 18:03:00
Region: Angren, User ID: 505825849, Message: Bugungi quyosh vaqtiga Angrenda: 18:03:00
Region: Angren, User ID: 505825849, Message: Bugungi quyosh vaqtiga Angrenda: 18:03:00
Region: Angren, User ID: 505825849, Message: Bugungi quyosh vaqtiga Angrenda: 18:03:00
Region: Angren, User ID: 505825849, Message: Bugungi quyosh vaqtiga Angrenda: 18:03:00
Region: Angren, User ID: 505825849, Message: Bugungi quyosh vaqtiga Angrenda: 18:03:00
Region: Angren, User ID: 505825849, Message: Bugungi quyosh vaqtiga Angrenda: 18:03:00
Region: Angren, User ID: 505825849, Message: Bugungi quyosh vaqtiga Angrenda: 18:03:00
Region: Angren, User ID: 505825849, Message: Bugungi quyosh vaqtiga Angrenda: 18:03:00
Region: Angren, User ID: 505825849, Message: Bugungi quyosh vaqtiga Angrenda: 18:03:00
Region: Angren, User ID: 505825849, Message: Bugungi quyosh vaqtiga Angrenda: 18:03:00
Region: Angren, User ID: 505825849, Message: Bugungi quyosh vaqtiga Angrenda: 18:03:00
Region: Angren, User ID: 505825849, Message: Bugungi quyosh vaqtiga Angrenda: 18:03:00
Region: Angren, User ID: 505825849, Message: Bugungi peshin vaqtiga Angrenda: 18:04:00
Region: Angren, User ID: 505825849, Message: Bugungi peshin vaqtiga Angrenda: 18:04:00
Region: Angren, User ID: 505825849, Message: Bugungi peshin vaqtiga Angrenda: 18:04:00
Region: Angren, User ID: 505825849, Message: Bugungi peshin vaqtiga Angrenda: 18:04:00
Region: Angren, User ID: 505825849, Message: Bugungi peshin vaqtiga Angrenda: 18:04:00
Region: Angren, User ID: 505825849, Message: Bugungi peshin vaqtiga Angrenda: 18:04:00
Region: Angren, User ID: 505825849, Message: Bugungi peshin vaqtiga Angrenda: 18:04:00
Region: Angren, User ID: 505825849, Message: Bugungi peshin vaqtiga Angrenda: 18:04:00
Region: Angren, User ID: 505825849, Message: Bugungi peshin vaqtiga Angrenda: 18:04:00
Region: Angren, User ID: 505825849, Message: Bugungi peshin vaqtiga Angrenda: 18:04:00
Region: Angren, User ID: 505825849, Message: Bugungi peshin vaqtiga Angrenda: 18:04:00
Region: Angren, User ID: 505825849, Message: Bugungi peshin vaqtiga Angrenda: 18:04:00
Region: Angren, User ID: 505825849, Message: Bugungi peshin vaqtiga Angrenda: 18:04:00
Region: Angren, User ID: 505825849, Message: Bugungi asr vaqtiga Angrenda: 18:05:00
Region: Angren, User ID: 505825849, Message: Bugungi asr vaqtiga Angrenda: 18:05:00
Region: Angren, User ID: 505825849, Message: Bugungi asr vaqtiga Angrenda: 18:05:00
Region: Angren, User ID: 505825849, Message: Bugungi asr vaqtiga Angrenda: 18:05:00
Region: Angren, User ID: 505825849, Message: Bugungi asr vaqtiga Angrenda: 18:05:00
Region: Angren, User ID: 505825849, Message: Bugungi asr vaqtiga Angrenda: 18:05:00
Region: Angren, User ID: 505825849, Message: Bugungi asr vaqtiga Angrenda: 18:05:00
Region: Angren, User ID: 505825849, Message: Bugungi asr vaqtiga Angrenda: 18:05:00
Region: Angren, User ID: 505825849, Message: Bugungi asr vaqtiga Angrenda: 18:05:00
Region: Angren, User ID: 505825849, Message: Bugungi asr vaqtiga Angrenda: 18:05:00
Region: Angren, User ID: 505825849, Message: Bugungi asr vaqtiga Angrenda: 18:05:00
Region: Angren, User ID: 505825849, Message: Bugungi asr vaqtiga Angrenda: 18:05:00
Region: Angren, User ID: 505825849, Message: Bugungi asr vaqtiga Angrenda: 18:05:00
Region: Angren, User ID: 505825849, Message: Bugungi shom_iftor vaqtiga Angrenda: 18:06:00
Region: Angren, User ID: 505825849, Message: Bugungi shom_iftor vaqtiga Angrenda: 18:06:00
Region: Angren, User ID: 505825849, Message: Bugungi shom_iftor vaqtiga Angrenda: 18:06:00
Region: Angren, User ID: 505825849, Message: Bugungi shom_iftor vaqtiga Angrenda: 18:06:00
Region: Angren, User ID: 505825849, Message: Bugungi shom_iftor vaqtiga Angrenda: 18:06:00
Region: Angren, User ID: 505825849, Message: Bugungi shom_iftor vaqtiga Angrenda: 18:06:00
Region: Angren, User ID: 505825849, Message: Bugungi shom_iftor vaqtiga Angrenda: 18:06:00
Region: Angren, User ID: 505825849, Message: Bugungi shom_iftor vaqtiga Angrenda: 18:06:00
Region: Angren, User ID: 505825849, Message: Bugungi shom_iftor vaqtiga Angrenda: 18:06:00
Region: Angren, User ID: 505825849, Message: Bugungi shom_iftor vaqtiga Angrenda: 18:06:00
Region: Angren, User ID: 505825849, Message: Bugungi shom_iftor vaqtiga Angrenda: 18:06:00
Region: Angren, User ID: 505825849, Message: Bugungi shom_iftor vaqtiga Angrenda: 18:06:00
Region: Angren, User ID: 505825849, Message: Bugungi shom_iftor vaqtiga Angrenda: 18:06:00
Region: Angren, User ID: 505825849, Message: Bugungi shom_iftor vaqtiga Angrenda: 18:06:00
Region: Angren, User ID: 505825849, Message: Bugungi shom_iftor vaqtiga Angrenda: 18:06:00
Region: Angren, User ID: 505825849, Message: Bugungi shom_iftor vaqtiga Angrenda: 18:06:00
Region: Angren, User ID: 505825849, Message: Bugungi shom_iftor vaqtiga Angrenda: 18:06:00
Region: Angren, User ID: 505825849, Message: Bugungi shom_iftor vaqtiga Angrenda: 18:06:00
Region: Angren, User ID: 505825849, Message: Bugungi shom_iftor vaqtiga Angrenda: 18:06:00
Region: Angren, User ID: 505825849, Message: Bugungi shom_iftor vaqtiga Angrenda: 18:06:00
Region: Angren, User ID: 505825849, Message: Bugungi shom_iftor vaqtiga Angrenda: 18:06:00
Region: Angren, User ID: 505825849, Message: Bugungi shom_iftor vaqtiga Angrenda: 18:06:00
Region: Angren, User ID: 505825849, Message: Bugungi shom_iftor vaqtiga Angrenda: 18:06:00
Region: Angren, User ID: 505825849, Message: Bugungi shom_iftor vaqtiga Angrenda: 18:06:00
Region: Angren, User ID: 505825849, Message: Bugungi shom_iftor vaqtiga Angrenda: 18:06:00
Region: Angren, User ID: 505825849, Message: Bugungi shom_iftor vaqtiga Angrenda: 18:06:00
Region: Angren, User ID: 505825849, Message: Bugungi hufton vaqtiga Angrenda: 18:07:00
Region: Angren, User ID: 505825849, Message: Bugungi hufton vaqtiga Angrenda: 18:07:00
Region: Angren, User ID: 505825849, Message: Bugungi hufton vaqtiga Angrenda: 18:07:00
Region: Angren, User ID: 505825849, Message: Bugungi hufton vaqtiga Angrenda: 18:07:00
Region: Angren, User ID: 505825849, Message: Bugungi hufton vaqtiga Angrenda: 18:07:00
Region: Angren, User ID: 505825849, Message: Bugungi hufton vaqtiga Angrenda: 18:07:00
Region: Angren, User ID: 505825849, Message: Bugungi hufton vaqtiga Angrenda: 18:07:00
Region: Angren, User ID: 505825849, Message: Bugungi hufton vaqtiga Angrenda: 18:07:00
Region: Angren, User ID: 505825849, Message: Bugungi hufton vaqtiga Angrenda: 18:07:00
Region: Angren, User ID: 505825849, Message: Bugungi hufton vaqtiga Angrenda: 18:07:00
Region: Angren, User ID: 505825849, Message: Bugungi hufton vaqtiga Angrenda: 18:07:00
Region: Angren, User ID: 505825849, Message: Bugungi hufton vaqtiga Angrenda: 18:07:00
Region: Angren, User ID: 505825849, Message: Bugungi hufton vaqtiga Angrenda: 18:07:00
Region: Angren, User ID: 505825849, Message: Bugungi quyosh vaqtiga Angrenda: 18:10:00
Region: Angren, User ID: 505825849, Message: Bugungi quyosh vaqtiga Angrenda: 18:10:00
Region: Angren, User ID: 505825849, Message: Bugungi quyosh vaqtiga Angrenda: 18:10:00
Region: Angren, User ID: 505825849, Message: Bugungi quyosh vaqtiga Angrenda: 18:10:00
Region: Angren, User ID: 505825849, Message: Bugungi quyosh vaqtiga Angrenda: 18:10:00
Region: Angren, User ID: 505825849, Message: Bugungi quyosh vaqtiga Angrenda: 18:10:00
Region: Angren, User ID: 505825849, Message: Bugungi quyosh vaqtiga Angrenda: 18:10:00
Region: Angren, User ID: 505825849, Message: Bugungi quyosh vaqtiga Angrenda: 18:10:00
Region: Angren, User ID: 505825849, Message: Bugungi quyosh vaqtiga Angrenda: 18:10:00
Region: Angren, User ID: 505825849, Message: Bugungi quyosh vaqtiga Angrenda: 18:10:00
Region: Angren, User ID: 505825849, Message: Bugungi quyosh vaqtiga Angrenda: 18:10:00
Region: Angren, User ID: 505825849, Message: Bugungi quyosh vaqtiga Angrenda: 18:10:00
Region: Angren, User ID: 505825849, Message: Bugungi quyosh vaqtiga Angrenda: 18:10:00
Region: Angren, User ID: 505825849, Message: Bugungi quyosh vaqtiga Angrenda: 18:10:00
Region: Angren, User ID: 505825849, Message: Bugungi peshin vaqtiga Angrenda: 18:11:00
Region: Angren, User ID: 505825849, Message: Bugungi peshin vaqtiga Angrenda: 18:11:00
Region: Angren, User ID: 505825849, Message: Bugungi peshin vaqtiga Angrenda: 18:11:00
Region: Angren, User ID: 505825849, Message: Bugungi peshin vaqtiga Angrenda: 18:11:00
Region: Angren, User ID: 505825849, Message: Bugungi peshin vaqtiga Angrenda: 18:11:00
Region: Angren, User ID: 505825849, Message: Bugungi peshin vaqtiga Angrenda: 18:11:00
Region: Angren, User ID: 505825849, Message: Bugungi peshin vaqtiga Angrenda: 18:11:00
Region: Angren, User ID: 505825849, Message: Bugungi peshin vaqtiga Angrenda: 18:11:00
Region: Angren, User ID: 505825849, Message: Bugungi peshin vaqtiga Angrenda: 18:11:00
Region: Angren, User ID: 505825849, Message: Bugungi peshin vaqtiga Angrenda: 18:11:00
Region: Angren, User ID: 505825849, Message: Bugungi peshin vaqtiga Angrenda: 18:11:00
Region: Angren, User ID: 505825849, Message: Bugungi peshin vaqtiga Angrenda: 18:11:00
Region: Angren, User ID: 505825849, Message: Bugungi peshin vaqtiga Angrenda: 18:11:00
Region: Angren, User ID: 505825849, Message: Bugungi peshin vaqtiga Angrenda: 18:11:00
Region: Angren, User ID: 505825849, Message: Bugungi asr vaqtiga Angrenda: 18:12:00
Region: Angren, User ID: 505825849, Message: Bugungi asr vaqtiga Angrenda: 18:12:00
Region: Angren, User ID: 505825849, Message: Bugungi asr vaqtiga Angrenda: 18:12:00
Region: Angren, User ID: 505825849, Message: Bugungi asr vaqtiga Angrenda: 18:12:00
Region: Angren, User ID: 505825849, Message: Bugungi asr vaqtiga Angrenda: 18:12:00
Region: Angren, User ID: 505825849, Message: Bugungi asr vaqtiga Angrenda: 18:12:00
Region: Angren, User ID: 505825849, Message: Bugungi asr vaqtiga Angrenda: 18:12:00
Region: Angren, User ID: 505825849, Message: Bugungi asr vaqtiga Angrenda: 18:12:00
Region: Angren, User ID: 505825849, Message: Bugungi asr vaqtiga Angrenda: 18:12:00
Region: Angren, User ID: 505825849, Message: Bugungi asr vaqtiga Angrenda: 18:12:00
Region: Angren, User ID: 505825849, Message: Bugungi asr vaqtiga Angrenda: 18:12:00
Region: Angren, User ID: 505825849, Message: Bugungi asr vaqtiga Angrenda: 18:12:00
Region: Angren, User ID: 505825849, Message: Bugungi asr vaqtiga Angrenda: 18:12:00
Region: Angren, User ID: 505825849, Message: Bugungi asr vaqtiga Angrenda: 18:12:00
Region: Angren, User ID: 505825849, Message: Bugungi shom_iftor vaqtiga Angrenda: 18:13:00
Region: Angren, User ID: 505825849, Message: Bugungi shom_iftor vaqtiga Angrenda: 18:13:00
Region: Angren, User ID: 505825849, Message: Bugungi shom_iftor vaqtiga Angrenda: 18:13:00
Region: Angren, User ID: 505825849, Message: Bugungi shom_iftor vaqtiga Angrenda: 18:13:00
Region: Angren, User ID: 505825849, Message: Bugungi shom_iftor vaqtiga Angrenda: 18:13:00
Region: Angren, User ID: 505825849, Message: Bugungi shom_iftor vaqtiga Angrenda: 18:13:00
Region: Angren, User ID: 505825849, Message: Bugungi shom_iftor vaqtiga Angrenda: 18:13:00
Region: Angren, User ID: 505825849, Message: Bugungi shom_iftor vaqtiga Angrenda: 18:13:00
Region: Angren, User ID: 505825849, Message: Bugungi shom_iftor vaqtiga Angrenda: 18:13:00
Region: Angren, User ID: 505825849, Message: Bugungi shom_iftor vaqtiga Angrenda: 18:13:00
Region: Angren, User ID: 505825849, Message: Bugungi shom_iftor vaqtiga Angrenda: 18:13:00
Region: Angren, User ID: 505825849, Message: Bugungi shom_iftor vaqtiga Angrenda: 18:13:00
Region: Angren, User ID: 505825849, Message: Bugungi shom_iftor vaqtiga Angrenda: 18:13:00
Region: Angren, User ID: 505825849, Message: Bugungi shom_iftor vaqtiga Angrenda: 18:13:00
Region: Angren, User ID: 505825849, Message: Bugungi shom_iftor vaqtiga Angrenda: 18:13:00
Region: Angren, User ID: 505825849, Message: Bugungi shom_iftor vaqtiga Angrenda: 18:13:00
Region: Angren, User ID: 505825849, Message: Bugungi shom_iftor vaqtiga Angrenda: 18:13:00
Region: Angren, User ID: 505825849, Message: Bugungi shom_iftor vaqtiga Angrenda: 18:13:00
Region: Angren, User ID: 505825849, Message: Bugungi shom_iftor vaqtiga Angrenda: 18:13:00
Region: Angren, User ID: 505825849, Message: Bugungi shom_iftor vaqtiga Angrenda: 18:13:00
Region: Angren, User ID: 505825849, Message: Bugungi shom_iftor vaqtiga Angrenda: 18:13:00
Region: Angren, User ID: 505825849, Message: Bugungi shom_iftor vaqtiga Angrenda: 18:13:00
Region: Angren, User ID: 505825849, Message: Bugungi shom_iftor vaqtiga Angrenda: 18:13:00
Region: Angren, User ID: 505825849, Message: Bugungi shom_iftor vaqtiga Angrenda: 18:13:00
Region: Angren, User ID: 505825849, Message: Bugungi shom_iftor vaqtiga Angrenda: 18:13:00
Region: Angren, User ID: 505825849, Message: Bugungi shom_iftor vaqtiga Angrenda: 18:13:00
Region: Angren, User ID: 505825849, Message: Bugungi shom_iftor vaqtiga Angrenda: 18:13:00
Region: Angren, User ID: 505825849, Message: Bugungi shom_iftor vaqtiga Angrenda: 18:13:00
Region: Angren, User ID: 505825849, Message: Bugungi hufton vaqtiga Angrenda: 18:14:00
Region: Angren, User ID: 505825849, Message: Bugungi hufton vaqtiga Angrenda: 18:14:00
Region: Angren, User ID: 505825849, Message: Bugungi hufton vaqtiga Angrenda: 18:14:00
Region: Angren, User ID: 505825849, Message: Bugungi hufton vaqtiga Angrenda: 18:14:00
Region: Angren, User ID: 505825849, Message: Bugungi hufton vaqtiga Angrenda: 18:14:00
Region: Angren, User ID: 505825849, Message: Bugungi hufton vaqtiga Angrenda: 18:14:00
Region: Angren, User ID: 505825849, Message: Bugungi hufton vaqtiga Angrenda: 18:14:00
Region: Angren, User ID: 505825849, Message: Bugungi hufton vaqtiga Angrenda: 18:14:00
Region: Angren, User ID: 505825849, Message: Bugungi hufton vaqtiga Angrenda: 18:14:00
Region: Angren, User ID: 505825849, Message: Bugungi hufton vaqtiga Angrenda: 18:14:00
Region: Angren, User ID: 505825849, Message: Bugungi hufton vaqtiga Angrenda: 18:14:00
Region: Angren, User ID: 505825849, Message: Bugungi hufton vaqtiga Angrenda: 18:14:00
Region: Angren, User ID: 505825849, Message: Bugungi hufton vaqtiga Angrenda: 18:14:00
Region: Angren, User ID: 505825849, Message: Bugungi hufton vaqtiga Angrenda: 18:14:00
Region: Angren, User ID: 505825849, Message: Bugungi quyosh vaqtiga Angrenda: 18:17:00
Region: Angren, User ID: 505825849, Message: Bugungi quyosh vaqtiga Angrenda: 18:17:00
Region: Angren, User ID: 505825849, Message: Bugungi quyosh vaqtiga Angrenda: 18:17:00
Region: Angren, User ID: 505825849, Message: Bugungi quyosh vaqtiga Angrenda: 18:17:00
Region: Angren, User ID: 505825849, Message: Bugungi quyosh vaqtiga Angrenda: 18:17:00
Region: Angren, User ID: 505825849, Message: Bugungi quyosh vaqtiga Angrenda: 18:17:00
Region: Angren, User ID: 505825849, Message: Bugungi quyosh vaqtiga Angrenda: 18:17:00
Region: Angren, User ID: 505825849, Message: Bugungi quyosh vaqtiga Angrenda: 18:17:00
Region: Angren, User ID: 505825849, Message: Bugungi quyosh vaqtiga Angrenda: 18:17:00
Region: Angren, User ID: 505825849, Message: Bugungi quyosh vaqtiga Angrenda: 18:17:00
Region: Angren, User ID: 505825849, Message: Bugungi quyosh vaqtiga Angrenda: 18:17:00
Region: Angren, User ID: 505825849, Message: Bugungi quyosh vaqtiga Angrenda: 18:17:00
Region: Angren, User ID: 505825849, Message: Bugungi quyosh vaqtiga Angrenda: 18:17:00
Region: Angren, User ID: 505825849, Message: Bugungi quyosh vaqtiga Angrenda: 18:17:00
Region: Angren, User ID: 505825849, Message: Bugungi quyosh vaqtiga Angrenda: 18:17:00
Region: Angren, User ID: 505825849, Message: Bugungi peshin vaqtiga Angrenda: 18:18:00
Region: Angren, User ID: 505825849, Message: Bugungi peshin vaqtiga Angrenda: 18:18:00
Region: Angren, User ID: 505825849, Message: Bugungi peshin vaqtiga Angrenda: 18:18:00
Region: Angren, User ID: 505825849, Message: Bugungi peshin vaqtiga Angrenda: 18:18:00
Region: Angren, User ID: 505825849, Message: Bugungi peshin vaqtiga Angrenda: 18:18:00
Region: Angren, User ID: 505825849, Message: Bugungi peshin vaqtiga Angrenda: 18:18:00
Region: Angren, User ID: 505825849, Message: Bugungi peshin vaqtiga Angrenda: 18:18:00
Region: Angren, User ID: 505825849, Message: Bugungi peshin vaqtiga Angrenda: 18:18:00
Region: Angren, User ID: 505825849, Message: Bugungi peshin vaqtiga Angrenda: 18:18:00
Region: Angren, User ID: 505825849, Message: Bugungi peshin vaqtiga Angrenda: 18:18:00
Region: Angren, User ID: 505825849, Message: Bugungi peshin vaqtiga Angrenda: 18:18:00
Region: Angren, User ID: 505825849, Message: Bugungi peshin vaqtiga Angrenda: 18:18:00
Region: Angren, User ID: 505825849, Message: Bugungi peshin vaqtiga Angrenda: 18:18:00
Region: Angren, User ID: 505825849, Message: Bugungi peshin vaqtiga Angrenda: 18:18:00
Region: Angren, User ID: 505825849, Message: Bugungi peshin vaqtiga Angrenda: 18:18:00
Region: Angren, User ID: 505825849, Message: Bugungi asr vaqtiga Angrenda: 18:19:00
Region: Angren, User ID: 505825849, Message: Bugungi asr vaqtiga Angrenda: 18:19:00
Region: Angren, User ID: 505825849, Message: Bugungi asr vaqtiga Angrenda: 18:19:00
Region: Angren, User ID: 505825849, Message: Bugungi asr vaqtiga Angrenda: 18:19:00
Region: Angren, User ID: 505825849, Message: Bugungi asr vaqtiga Angrenda: 18:19:00
Region: Angren, User ID: 505825849, Message: Bugungi asr vaqtiga Angrenda: 18:19:00
Region: Angren, User ID: 505825849, Message: Bugungi asr vaqtiga Angrenda: 18:19:00
Region: Angren, User ID: 505825849, Message: Bugungi asr vaqtiga Angrenda: 18:19:00
Region: Angren, User ID: 505825849, Message: Bugungi asr vaqtiga Angrenda: 18:19:00
Region: Angren, User ID: 505825849, Message: Bugungi asr vaqtiga Angrenda: 18:19:00
Region: Angren, User ID: 505825849, Message: Bugungi asr vaqtiga Angrenda: 18:19:00
Region: Angren, User ID: 505825849, Message: Bugungi asr vaqtiga Angrenda: 18:19:00
Region: Angren, User ID: 505825849, Message: Bugungi asr vaqtiga Angrenda: 18:19:00
Region: Angren, User ID: 505825849, Message: Bugungi asr vaqtiga Angrenda: 18:19:00
Region: Angren, User ID: 505825849, Message: Bugungi asr vaqtiga Angrenda: 18:19:00
Region: Angren, User ID: 505825849, Message: Bugungi shom_iftor vaqtiga Angrenda: 18:20:00
Region: Angren, User ID: 505825849, Message: Bugungi shom_iftor vaqtiga Angrenda: 18:20:00
Region: Angren, User ID: 505825849, Message: Bugungi shom_iftor vaqtiga Angrenda: 18:20:00
Region: Angren, User ID: 505825849, Message: Bugungi shom_iftor vaqtiga Angrenda: 18:20:00
Region: Angren, User ID: 505825849, Message: Bugungi shom_iftor vaqtiga Angrenda: 18:20:00
Region: Angren, User ID: 505825849, Message: Bugungi shom_iftor vaqtiga Angrenda: 18:20:00
Region: Angren, User ID: 505825849, Message: Bugungi shom_iftor vaqtiga Angrenda: 18:20:00
Region: Angren, User ID: 505825849, Message: Bugungi shom_iftor vaqtiga Angrenda: 18:20:00
Region: Angren, User ID: 505825849, Message: Bugungi shom_iftor vaqtiga Angrenda: 18:20:00
Region: Angren, User ID: 505825849, Message: Bugungi shom_iftor vaqtiga Angrenda: 18:20:00
Region: Angren, User ID: 505825849, Message: Bugungi shom_iftor vaqtiga Angrenda: 18:20:00
Region: Angren, User ID: 505825849, Message: Bugungi shom_iftor vaqtiga Angrenda: 18:20:00
Region: Angren, User ID: 505825849, Message: Bugungi shom_iftor vaqtiga Angrenda: 18:20:00
Region: Angren, User ID: 505825849, Message: Bugungi shom_iftor vaqtiga Angrenda: 18:20:00
Region: Angren, User ID: 505825849, Message: Bugungi shom_iftor vaqtiga Angrenda: 18:20:00
Region: Angren, User ID: 505825849, Message: Bugungi tong_saharlik vaqtiga Angrenda: 18:23:00
Region: Angren, User ID: 505825849, Message: Bugungi tong_saharlik vaqtiga Angrenda: 18:23:00
Region: Angren, User ID: 505825849, Message: Bugungi quyosh vaqtiga Angrenda: 18:24:00
Region: Angren, User ID: 505825849, Message: Bugungi quyosh vaqtiga Angrenda: 18:24:00
Region: Angren, User ID: 505825849, Message: Bugungi quyosh vaqtiga Angrenda: 18:24:00
Region: Angren, User ID: 505825849, Message: Bugungi quyosh vaqtiga Angrenda: 18:24:00
Region: Angren, User ID: 505825849, Message: Bugungi peshin vaqtiga Angrenda: 18:25:00
Region: Angren, User ID: 505825849, Message: Bugungi peshin vaqtiga Angrenda: 18:25:00
Region: Angren, User ID: 505825849, Message: Bugungi peshin vaqtiga Angrenda: 18:25:00
Region: Angren, User ID: 505825849, Message: Bugungi peshin vaqtiga Angrenda: 18:25:00
Region: Angren, User ID: 505825849, Message: Bugungi asr vaqtiga Angrenda: 18:26:00
Region: Angren, User ID: 505825849, Message: Bugungi asr vaqtiga Angrenda: 18:26:00
Region: Angren, User ID: 505825849, Message: Bugungi shom_iftor vaqtiga Angrenda: 18:27:00
Region: Angren, User ID: 505825849, Message: Bugungi shom_iftor vaqtiga Angrenda: 18:27:00
Region: Angren, User ID: 505825849, Message: Bugungi hufton vaqtiga Angrenda: 18:28:00
Region: Angren, User ID: 505825849, Message: Bugungi hufton vaqtiga Angrenda: 18:28:00
Region: Angren, User ID: 505825849, Message: Bugungi peshin vaqtiga Angrenda: 18:34:00
Region: Angren, User ID: 505825849, Message: Bugungi peshin vaqtiga Angrenda: 18:34:00
Region: Angren, User ID: 505825849, Message: Bugungi peshin vaqtiga Angrenda: 18:34:00
Region: Angren, User ID: 505825849, Message: Bugungi peshin vaqtiga Angrenda: 18:34:00
Region: Angren, User ID: 505825849, Message: Bugungi asr vaqtiga Angrenda: 18:35:00
Region: Angren, User ID: 505825849, Message: Bugungi asr vaqtiga Angrenda: 18:35:00
Region: Angren, User ID: 505825849, Message: Bugungi asr vaqtiga Angrenda: 18:35:00
Region: Angren, User ID: 505825849, Message: Bugungi asr vaqtiga Angrenda: 18:35:00
Region: Angren, User ID: 505825849, Message: Bugungi shom_iftor vaqtiga Angrenda: 18:36:00
Region: Angren, User ID: 505825849, Message: Bugungi shom_iftor vaqtiga Angrenda: 18:36:00
Region: Angren, User ID: 505825849, Message: Bugungi shom_iftor vaqtiga Angrenda: 18:36:00
Region: Angren, User ID: 505825849, Message: Bugungi shom_iftor vaqtiga Angrenda: 18:36:00
Region: Angren, User ID: 505825849, Message: Bugungi hufton vaqtiga Angrenda: 18:37:00
Region: Angren, User ID: 505825849, Message: Bugungi hufton vaqtiga Angrenda: 18:37:00
Region: Angren, User ID: 505825849, Message: Bugungi hufton vaqtiga Angrenda: 18:37:00
Region: Angren, User ID: 505825849, Message: Bugungi hufton vaqtiga Angrenda: 18:37:00
Region: Angren, User ID: 505825849, Message: Bugungi asr vaqtiga Angrenda: 18:44:00
Region: Angren, User ID: 505825849, Message: Bugungi asr vaqtiga Angrenda: 18:44:00
Region: Angren, User ID: 505825849, Message: Bugungi shom_iftor vaqtiga Angrenda: 18:45:00
Region: Angren, User ID: 505825849, Message: Bugungi shom_iftor vaqtiga Angrenda: 18:45:00
Region: Angren, User ID: 505825849, Message: Bugungi hufton vaqtiga Angrenda: 18:46:00
Region: Angren, User ID: 505825849, Message: Bugungi hufton vaqtiga Angrenda: 18:46:00
Region: Angren, User ID: 505825849, Message: Bugungi peshin vaqtiga Angrenda: 18:50:00
Region: Angren, User ID: 505825849, Message: Bugungi peshin vaqtiga Angrenda: 18:50:00
Region: Angren, User ID: 505825849, Message: Bugungi peshin vaqtiga Angrenda: 18:50:00
Region: Angren, User ID: 505825849, Message: Bugungi asr vaqtiga Angrenda: 18:51:00
Region: Angren, User ID: 505825849, Message: Bugungi asr vaqtiga Angrenda: 18:51:00
Region: Angren, User ID: 505825849, Message: Bugungi asr vaqtiga Angrenda: 18:51:00
Region: Angren, User ID: 505825849, Message: Bugungi shom_iftor vaqtiga Angrenda: 18:52:00
Region: Angren, User ID: 505825849, Message: Bugungi shom_iftor vaqtiga Angrenda: 18:52:00
Region: Angren, User ID: 505825849, Message: Bugungi shom_iftor vaqtiga Angrenda: 18:52:00
Регион: Angren, ID пользователя: 505825849, Сообщение: Bugungi asr vaqtiga Angrenda: 18:58:00
Регион: Angren, ID пользователя: 505825849, Сообщение: Bugungi asr vaqtiga Angrenda: 18:58:00
Регион: Angren, ID пользователя: 505825849, Сообщение: Bugungi asr vaqtiga Angrenda: 18:58:00
Регион: Angren, ID пользователя: 505825849, Сообщение: Bugungi shom_iftor vaqtiga Angrenda: 18:59:00
Регион: Angren, ID пользователя: 505825849, Сообщение: Bugungi shom_iftor vaqtiga Angrenda: 18:59:00
Регион: Angren, ID пользователя: 505825849, Сообщение: Bugungi shom_iftor vaqtiga Angrenda: 18:59:00
Регион: Angren, ID пользователя: 505825849, Сообщение: Bugungi tong_saharlik vaqtiga Angrenda: 19:01:00
Регион: Angren, ID пользователя: 505825849, Сообщение: Bugungi quyosh vaqtiga Angrenda: 19:02:00
Регион: Angren, ID пользователя: 505825849, Сообщение: Bugungi peshin vaqtiga Angrenda: 19:03:00
Регион: Angren, ID пользователя: 505825849, Сообщение: Bugungi asr vaqtiga Angrenda: 19:04:00
Регион: Angren, ID пользователя: 505825849, Сообщение: Bugungi shom_iftor vaqtiga Angrenda: 19:05:00
Регион: Angren, ID пользователя: 505825849, Сообщение: Bugungi hufton vaqtiga Angrenda: 19:06:00
